
-------------------------------------------------------------------------------
   ROBOCOPY     ::     Robust File Copy for Windows                              
-------------------------------------------------------------------------------

  Started : 09 April 2026 11:49:30 PM
   Source : E:\Alexgram\TMessagesProj\src\main\res\
     Dest : e:\NagramX\TMessagesProj\src\main\res\

    Files : ic_launcher_alexgram*
	    
  Options : /NDL /S /DCOPY:DA /COPY:DAT /NP /PF /R:1000000 /W:30 

------------------------------------------------------------------------------

	    New File  		   1.0 m	E:\Alexgram\TMessagesProj\src\main\res\drawable-xxxhdpi\ic_launcher_alexgram_blue.png
	    New File  		  932861	E:\Alexgram\TMessagesProj\src\main\res\drawable-xxxhdpi\ic_launcher_alexgram_colored.png
	    New File  		  948591	E:\Alexgram\TMessagesProj\src\main\res\drawable-xxxhdpi\ic_launcher_alexgram_dark.png
	    New File  		   1.0 m	E:\Alexgram\TMessagesProj\src\main\res\drawable-xxxhdpi\ic_launcher_alexgram_green.png
	    New File  		   1.1 m	E:\Alexgram\TMessagesProj\src\main\res\drawable-xxxhdpi\ic_launcher_alexgram_neon.png
	    New File  		   1.3 m	E:\Alexgram\TMessagesProj\src\main\res\drawable-xxxhdpi\ic_launcher_alexgram_pink.png
	    New File  		   1.2 m	E:\Alexgram\TMessagesProj\src\main\res\drawable-xxxhdpi\ic_launcher_alexgram_roseblue.png
	    New File  		   1.1 m	E:\Alexgram\TMessagesProj\src\main\res\drawable-xxxhdpi\ic_launcher_alexgram_white.png

------------------------------------------------------------------------------

               Total    Copied   Skipped  Mismatch    FAILED    Extras
    Dirs :        51         0        51         0         0         2
   Files :         8         8         0         0         0         0
   Bytes :    8.70 m    8.70 m         0         0         0         0
   Times :   0:00:01   0:00:00                       0:00:00   0:00:01


   Speed :           21,737,347 Bytes/sec.
   Speed :            1,243.821 MegaBytes/min.
   Ended : 09 April 2026 11:49:31 PM

